Build started 09/12/2014 21:25:44.
     1>Project "D:\mobileFX\Projects\Software\Coconut\IDE\WebKitX\WebKitX.vcxproj" on node 2 (build target(s)).
     1>C:\Program Files (x86)\MSBuild\Microsoft.Cpp\v4.0\Microsoft.CppBuild.targets(299,5): warning MSB8004: Output Directory does not end with a trailing slash.  This build instance will add the slash as it is required to allow proper evaluation of the Output Directory.
     1>InitializeBuildStatus:
         Creating "Release\WebKitX.unsuccessfulbuild" because "AlwaysCreate" was specified.
       Midl:
         All outputs are up-to-date.
       ClCompile:
         All outputs are up-to-date.
         C:\Program Files (x86)\Microsoft Visual Studio 10.0\VC\bin\CL.exe /c /Zi /nologo /W3 /WX- /O2 /Oi /Oy- /GT /GL /D WIN32 /D _WINDOWS /D NDEBUG /D _USRDLL /D _WINDLL /D _UNICODE /D UNICODE /D _AFXDLL /GF /Gm- /EHsc /MD /GS- /Gy /fp:fast /fp:except- /Zc:wchar_t /Zc:forScope /GR /Yu"StdAfx.h" /Fp"Release\WebKitX.pch" /Fo"Release\\" /Fd"Release\vc100.pdb" /Gd /TP /analyze- /errorReport:prompt WebKitXCtrl.cpp
         WebKitXCtrl.cpp
     1>WebKitXCtrl.cpp(22): warning C4407: cast between different pointer to member representations, compiler may generate incorrect code
     1>WebKitXCtrl.cpp(23): warning C4407: cast between different pointer to member representations, compiler may generate incorrect code
     1>WebKitXCtrl.cpp(24): warning C4407: cast between different pointer to member representations, compiler may generate incorrect code
     1>WebKitXCtrl.cpp(32): warning C4407: cast between different pointer to member representations, compiler may generate incorrect code
     1>WebKitXCtrl.cpp(33): warning C4407: cast between different pointer to member representations, compiler may generate incorrect code
     1>WebKitXCtrl.cpp(33): warning C4407: cast between different pointer to member representations, compiler may generate incorrect code
     1>WebKitXCtrl.cpp(34): warning C4407: cast between different pointer to member representations, compiler may generate incorrect code
     1>WebKitXCtrl.cpp(35): warning C4407: cast between different pointer to member representations, compiler may generate incorrect code
       ResourceCompile:
         All outputs are up-to-date.
       Link:
         C:\Program Files (x86)\Microsoft Visual Studio 10.0\VC\bin\link.exe /ERRORREPORT:PROMPT /OUT:"D:\mobileFX\Projects\Software\Coconut\IDE\WebKitX\\..\Studio\WebKitX.ocx" /INCREMENTAL:NO /NOLOGO /DEF:".\WebKitX.def" /MANIFEST /ManifestFile:"Release\WebKitX.ocx.intermediate.manifest" /MANIFESTUAC:"level='asInvoker' uiAccess='false'" /DEBUG /PDB:"D:\mobileFX\Projects\Software\Coconut\IDE\Studio\WebKitX.pdb" /SUBSYSTEM:WINDOWS /OPT:REF /OPT:ICF /LTCG /TLBID:1 /DYNAMICBASE /NXCOMPAT /IMPLIB:"D:\mobileFX\Projects\Software\Coconut\IDE\WebKitX\\..\Studio\WebKitX.lib" /MACHINE:X86 /DLL Release\WebKitX.res
         Release\stdafx.obj
         Release\Utils.obj
         Release\WebKitHandler.obj
         Release\WebKitX.obj
         Release\WebKitXCtrl.obj
         Release\WebKitXPropPage.obj
            Creating library D:\mobileFX\Projects\Software\Coconut\IDE\WebKitX\\..\Studio\WebKitX.lib and object D:\mobileFX\Projects\Software\Coconut\IDE\WebKitX\\..\Studio\WebKitX.exp
         Generating code
         Finished generating code
     1>libcef_dll_wrapper.lib(transfer_util.obj) : warning LNK4099: PDB 'vc100.pdb' was not found with 'libcef_dll_wrapper.lib(transfer_util.obj)' or at 'D:\mobileFX\Projects\Software\Coconut\IDE\Studio\vc100.pdb'; linking object as if no debug info
     1>libcef_dll_wrapper.lib(stream_reader_ctocpp.obj) : warning LNK4099: PDB 'vc100.pdb' was not found with 'libcef_dll_wrapper.lib(stream_reader_ctocpp.obj)' or at 'D:\mobileFX\Projects\Software\Coconut\IDE\Studio\vc100.pdb'; linking object as if no debug info
     1>libcef_dll_wrapper.lib(domdocument_ctocpp.obj) : warning LNK4099: PDB 'vc100.pdb' was not found with 'libcef_dll_wrapper.lib(domdocument_ctocpp.obj)' or at 'D:\mobileFX\Projects\Software\Coconut\IDE\Studio\vc100.pdb'; linking object as if no debug info
     1>libcef_dll_wrapper.lib(response_ctocpp.obj) : warning LNK4099: PDB 'vc100.pdb' was not found with 'libcef_dll_wrapper.lib(response_ctocpp.obj)' or at 'D:\mobileFX\Projects\Software\Coconut\IDE\Studio\vc100.pdb'; linking object as if no debug info
     1>libcef_dll_wrapper.lib(browser_ctocpp.obj) : warning LNK4099: PDB 'vc100.pdb' was not found with 'libcef_dll_wrapper.lib(browser_ctocpp.obj)' or at 'D:\mobileFX\Projects\Software\Coconut\IDE\Studio\vc100.pdb'; linking object as if no debug info
     1>libcef_dll_wrapper.lib(v8value_ctocpp.obj) : warning LNK4099: PDB 'vc100.pdb' was not found with 'libcef_dll_wrapper.lib(v8value_ctocpp.obj)' or at 'D:\mobileFX\Projects\Software\Coconut\IDE\Studio\vc100.pdb'; linking object as if no debug info
     1>libcef_dll_wrapper.lib(v8stack_trace_ctocpp.obj) : warning LNK4099: PDB 'vc100.pdb' was not found with 'libcef_dll_wrapper.lib(v8stack_trace_ctocpp.obj)' or at 'D:\mobileFX\Projects\Software\Coconut\IDE\Studio\vc100.pdb'; linking object as if no debug info
     1>libcef_dll_wrapper.lib(request_ctocpp.obj) : warning LNK4099: PDB 'vc100.pdb' was not found with 'libcef_dll_wrapper.lib(request_ctocpp.obj)' or at 'D:\mobileFX\Projects\Software\Coconut\IDE\Studio\vc100.pdb'; linking object as if no debug info
     1>libcef_dll_wrapper.lib(scheme_handler_callback_ctocpp.obj) : warning LNK4099: PDB 'vc100.pdb' was not found with 'libcef_dll_wrapper.lib(scheme_handler_callback_ctocpp.obj)' or at 'D:\mobileFX\Projects\Software\Coconut\IDE\Studio\vc100.pdb'; linking object as if no debug info
     1>libcef_dll_wrapper.lib(post_data_element_ctocpp.obj) : warning LNK4099: PDB 'vc100.pdb' was not found with 'libcef_dll_wrapper.lib(post_data_element_ctocpp.obj)' or at 'D:\mobileFX\Projects\Software\Coconut\IDE\Studio\vc100.pdb'; linking object as if no debug info
     1>libcef_dll_wrapper.lib(v8exception_ctocpp.obj) : warning LNK4099: PDB 'vc100.pdb' was not found with 'libcef_dll_wrapper.lib(v8exception_ctocpp.obj)' or at 'D:\mobileFX\Projects\Software\Coconut\IDE\Studio\vc100.pdb'; linking object as if no debug info
     1>libcef_dll_wrapper.lib(post_data_ctocpp.obj) : warning LNK4099: PDB 'vc100.pdb' was not found with 'libcef_dll_wrapper.lib(post_data_ctocpp.obj)' or at 'D:\mobileFX\Projects\Software\Coconut\IDE\Studio\vc100.pdb'; linking object as if no debug info
     1>libcef_dll_wrapper.lib(scheme_registrar_ctocpp.obj) : warning LNK4099: PDB 'vc100.pdb' was not found with 'libcef_dll_wrapper.lib(scheme_registrar_ctocpp.obj)' or at 'D:\mobileFX\Projects\Software\Coconut\IDE\Studio\vc100.pdb'; linking object as if no debug info
     1>libcef_dll_wrapper.lib(domevent_ctocpp.obj) : warning LNK4099: PDB 'vc100.pdb' was not found with 'libcef_dll_wrapper.lib(domevent_ctocpp.obj)' or at 'D:\mobileFX\Projects\Software\Coconut\IDE\Studio\vc100.pdb'; linking object as if no debug info
     1>libcef_dll_wrapper.lib(v8stack_frame_ctocpp.obj) : warning LNK4099: PDB 'vc100.pdb' was not found with 'libcef_dll_wrapper.lib(v8stack_frame_ctocpp.obj)' or at 'D:\mobileFX\Projects\Software\Coconut\IDE\Studio\vc100.pdb'; linking object as if no debug info
     1>libcef_dll_wrapper.lib(geolocation_callback_ctocpp.obj) : warning LNK4099: PDB 'vc100.pdb' was not found with 'libcef_dll_wrapper.lib(geolocation_callback_ctocpp.obj)' or at 'D:\mobileFX\Projects\Software\Coconut\IDE\Studio\vc100.pdb'; linking object as if no debug info
     1>libcef_dll_wrapper.lib(domnode_ctocpp.obj) : warning LNK4099: PDB 'vc100.pdb' was not found with 'libcef_dll_wrapper.lib(domnode_ctocpp.obj)' or at 'D:\mobileFX\Projects\Software\Coconut\IDE\Studio\vc100.pdb'; linking object as if no debug info
     1>libcef_dll_wrapper.lib(web_plugin_info_ctocpp.obj) : warning LNK4099: PDB 'vc100.pdb' was not found with 'libcef_dll_wrapper.lib(web_plugin_info_ctocpp.obj)' or at 'D:\mobileFX\Projects\Software\Coconut\IDE\Studio\vc100.pdb'; linking object as if no debug info
     1>libcef_dll_wrapper.lib(frame_ctocpp.obj) : warning LNK4099: PDB 'vc100.pdb' was not found with 'libcef_dll_wrapper.lib(frame_ctocpp.obj)' or at 'D:\mobileFX\Projects\Software\Coconut\IDE\Studio\vc100.pdb'; linking object as if no debug info
     1>libcef_dll_wrapper.lib(drag_data_ctocpp.obj) : warning LNK4099: PDB 'vc100.pdb' was not found with 'libcef_dll_wrapper.lib(drag_data_ctocpp.obj)' or at 'D:\mobileFX\Projects\Software\Coconut\IDE\Studio\vc100.pdb'; linking object as if no debug info
     1>libcef_dll_wrapper.lib(v8context_ctocpp.obj) : warning LNK4099: PDB 'vc100.pdb' was not found with 'libcef_dll_wrapper.lib(v8context_ctocpp.obj)' or at 'D:\mobileFX\Projects\Software\Coconut\IDE\Studio\vc100.pdb'; linking object as if no debug info
     1>libcef_dll_wrapper.lib(libcef_dll_wrapper.obj) : warning LNK4099: PDB 'vc100.pdb' was not found with 'libcef_dll_wrapper.lib(libcef_dll_wrapper.obj)' or at 'D:\mobileFX\Projects\Software\Coconut\IDE\Studio\vc100.pdb'; linking object as if no debug info
     1>libcef_dll_wrapper.lib(scheme_handler_cpptoc.obj) : warning LNK4099: PDB 'vc100.pdb' was not found with 'libcef_dll_wrapper.lib(scheme_handler_cpptoc.obj)' or at 'D:\mobileFX\Projects\Software\Coconut\IDE\Studio\vc100.pdb'; linking object as if no debug info
     1>libcef_dll_wrapper.lib(zoom_handler_cpptoc.obj) : warning LNK4099: PDB 'vc100.pdb' was not found with 'libcef_dll_wrapper.lib(zoom_handler_cpptoc.obj)' or at 'D:\mobileFX\Projects\Software\Coconut\IDE\Studio\vc100.pdb'; linking object as if no debug info
     1>libcef_dll_wrapper.lib(request_handler_cpptoc.obj) : warning LNK4099: PDB 'vc100.pdb' was not found with 'libcef_dll_wrapper.lib(request_handler_cpptoc.obj)' or at 'D:\mobileFX\Projects\Software\Coconut\IDE\Studio\vc100.pdb'; linking object as if no debug info
     1>libcef_dll_wrapper.lib(find_handler_cpptoc.obj) : warning LNK4099: PDB 'vc100.pdb' was not found with 'libcef_dll_wrapper.lib(find_handler_cpptoc.obj)' or at 'D:\mobileFX\Projects\Software\Coconut\IDE\Studio\vc100.pdb'; linking object as if no debug info
     1>libcef_dll_wrapper.lib(v8accessor_cpptoc.obj) : warning LNK4099: PDB 'vc100.pdb' was not found with 'libcef_dll_wrapper.lib(v8accessor_cpptoc.obj)' or at 'D:\mobileFX\Projects\Software\Coconut\IDE\Studio\vc100.pdb'; linking object as if no debug info
     1>libcef_dll_wrapper.lib(domvisitor_cpptoc.obj) : warning LNK4099: PDB 'vc100.pdb' was not found with 'libcef_dll_wrapper.lib(domvisitor_cpptoc.obj)' or at 'D:\mobileFX\Projects\Software\Coconut\IDE\Studio\vc100.pdb'; linking object as if no debug info
     1>libcef_dll_wrapper.lib(task_cpptoc.obj) : warning LNK4099: PDB 'vc100.pdb' was not found with 'libcef_dll_wrapper.lib(task_cpptoc.obj)' or at 'D:\mobileFX\Projects\Software\Coconut\IDE\Studio\vc100.pdb'; linking object as if no debug info
     1>libcef_dll_wrapper.lib(proxy_handler_cpptoc.obj) : warning LNK4099: PDB 'vc100.pdb' was not found with 'libcef_dll_wrapper.lib(proxy_handler_cpptoc.obj)' or at 'D:\mobileFX\Projects\Software\Coconut\IDE\Studio\vc100.pdb'; linking object as if no debug info
     1>libcef_dll_wrapper.lib(focus_handler_cpptoc.obj) : warning LNK4099: PDB 'vc100.pdb' was not found with 'libcef_dll_wrapper.lib(focus_handler_cpptoc.obj)' or at 'D:\mobileFX\Projects\Software\Coconut\IDE\Studio\vc100.pdb'; linking object as if no debug info
     1>libcef_dll_wrapper.lib(drag_handler_cpptoc.obj) : warning LNK4099: PDB 'vc100.pdb' was not found with 'libcef_dll_wrapper.lib(drag_handler_cpptoc.obj)' or at 'D:\mobileFX\Projects\Software\Coconut\IDE\Studio\vc100.pdb'; linking object as if no debug info
     1>libcef_dll_wrapper.lib(domevent_listener_cpptoc.obj) : warning LNK4099: PDB 'vc100.pdb' was not found with 'libcef_dll_wrapper.lib(domevent_listener_cpptoc.obj)' or at 'D:\mobileFX\Projects\Software\Coconut\IDE\Studio\vc100.pdb'; linking object as if no debug info
     1>libcef_dll_wrapper.lib(render_handler_cpptoc.obj) : warning LNK4099: PDB 'vc100.pdb' was not found with 'libcef_dll_wrapper.lib(render_handler_cpptoc.obj)' or at 'D:\mobileFX\Projects\Software\Coconut\IDE\Studio\vc100.pdb'; linking object as if no debug info
     1>libcef_dll_wrapper.lib(keyboard_handler_cpptoc.obj) : warning LNK4099: PDB 'vc100.pdb' was not found with 'libcef_dll_wrapper.lib(keyboard_handler_cpptoc.obj)' or at 'D:\mobileFX\Projects\Software\Coconut\IDE\Studio\vc100.pdb'; linking object as if no debug info
     1>libcef_dll_wrapper.lib(permission_handler_cpptoc.obj) : warning LNK4099: PDB 'vc100.pdb' was not found with 'libcef_dll_wrapper.lib(permission_handler_cpptoc.obj)' or at 'D:\mobileFX\Projects\Software\Coconut\IDE\Studio\vc100.pdb'; linking object as if no debug info
     1>libcef_dll_wrapper.lib(menu_handler_cpptoc.obj) : warning LNK4099: PDB 'vc100.pdb' was not found with 'libcef_dll_wrapper.lib(menu_handler_cpptoc.obj)' or at 'D:\mobileFX\Projects\Software\Coconut\IDE\Studio\vc100.pdb'; linking object as if no debug info
     1>libcef_dll_wrapper.lib(read_handler_cpptoc.obj) : warning LNK4099: PDB 'vc100.pdb' was not found with 'libcef_dll_wrapper.lib(read_handler_cpptoc.obj)' or at 'D:\mobileFX\Projects\Software\Coconut\IDE\Studio\vc100.pdb'; linking object as if no debug info
     1>libcef_dll_wrapper.lib(app_cpptoc.obj) : warning LNK4099: PDB 'vc100.pdb' was not found with 'libcef_dll_wrapper.lib(app_cpptoc.obj)' or at 'D:\mobileFX\Projects\Software\Coconut\IDE\Studio\vc100.pdb'; linking object as if no debug info
     1>libcef_dll_wrapper.lib(resource_bundle_handler_cpptoc.obj) : warning LNK4099: PDB 'vc100.pdb' was not found with 'libcef_dll_wrapper.lib(resource_bundle_handler_cpptoc.obj)' or at 'D:\mobileFX\Projects\Software\Coconut\IDE\Studio\vc100.pdb'; linking object as if no debug info
     1>libcef_dll_wrapper.lib(geolocation_handler_cpptoc.obj) : warning LNK4099: PDB 'vc100.pdb' was not found with 'libcef_dll_wrapper.lib(geolocation_handler_cpptoc.obj)' or at 'D:\mobileFX\Projects\Software\Coconut\IDE\Studio\vc100.pdb'; linking object as if no debug info
     1>libcef_dll_wrapper.lib(print_handler_cpptoc.obj) : warning LNK4099: PDB 'vc100.pdb' was not found with 'libcef_dll_wrapper.lib(print_handler_cpptoc.obj)' or at 'D:\mobileFX\Projects\Software\Coconut\IDE\Studio\vc100.pdb'; linking object as if no debug info
     1>libcef_dll_wrapper.lib(scheme_handler_factory_cpptoc.obj) : warning LNK4099: PDB 'vc100.pdb' was not found with 'libcef_dll_wrapper.lib(scheme_handler_factory_cpptoc.obj)' or at 'D:\mobileFX\Projects\Software\Coconut\IDE\Studio\vc100.pdb'; linking object as if no debug info
     1>libcef_dll_wrapper.lib(download_handler_cpptoc.obj) : warning LNK4099: PDB 'vc100.pdb' was not found with 'libcef_dll_wrapper.lib(download_handler_cpptoc.obj)' or at 'D:\mobileFX\Projects\Software\Coconut\IDE\Studio\vc100.pdb'; linking object as if no debug info
     1>libcef_dll_wrapper.lib(client_cpptoc.obj) : warning LNK4099: PDB 'vc100.pdb' was not found with 'libcef_dll_wrapper.lib(client_cpptoc.obj)' or at 'D:\mobileFX\Projects\Software\Coconut\IDE\Studio\vc100.pdb'; linking object as if no debug info
     1>libcef_dll_wrapper.lib(display_handler_cpptoc.obj) : warning LNK4099: PDB 'vc100.pdb' was not found with 'libcef_dll_wrapper.lib(display_handler_cpptoc.obj)' or at 'D:\mobileFX\Projects\Software\Coconut\IDE\Studio\vc100.pdb'; linking object as if no debug info
     1>libcef_dll_wrapper.lib(load_handler_cpptoc.obj) : warning LNK4099: PDB 'vc100.pdb' was not found with 'libcef_dll_wrapper.lib(load_handler_cpptoc.obj)' or at 'D:\mobileFX\Projects\Software\Coconut\IDE\Studio\vc100.pdb'; linking object as if no debug info
     1>libcef_dll_wrapper.lib(get_geolocation_callback_cpptoc.obj) : warning LNK4099: PDB 'vc100.pdb' was not found with 'libcef_dll_wrapper.lib(get_geolocation_callback_cpptoc.obj)' or at 'D:\mobileFX\Projects\Software\Coconut\IDE\Studio\vc100.pdb'; linking object as if no debug info
     1>libcef_dll_wrapper.lib(life_span_handler_cpptoc.obj) : warning LNK4099: PDB 'vc100.pdb' was not found with 'libcef_dll_wrapper.lib(life_span_handler_cpptoc.obj)' or at 'D:\mobileFX\Projects\Software\Coconut\IDE\Studio\vc100.pdb'; linking object as if no debug info
     1>libcef_dll_wrapper.lib(v8context_handler_cpptoc.obj) : warning LNK4099: PDB 'vc100.pdb' was not found with 'libcef_dll_wrapper.lib(v8context_handler_cpptoc.obj)' or at 'D:\mobileFX\Projects\Software\Coconut\IDE\Studio\vc100.pdb'; linking object as if no debug info
     1>libcef_dll_wrapper.lib(jsdialog_handler_cpptoc.obj) : warning LNK4099: PDB 'vc100.pdb' was not found with 'libcef_dll_wrapper.lib(jsdialog_handler_cpptoc.obj)' or at 'D:\mobileFX\Projects\Software\Coconut\IDE\Studio\vc100.pdb'; linking object as if no debug info
     1>libcef_dll_wrapper.lib(v8handler_cpptoc.obj) : warning LNK4099: PDB 'vc100.pdb' was not found with 'libcef_dll_wrapper.lib(v8handler_cpptoc.obj)' or at 'D:\mobileFX\Projects\Software\Coconut\IDE\Studio\vc100.pdb'; linking object as if no debug info
     1>libcef_dll_wrapper.lib(content_filter_cpptoc.obj) : warning LNK4099: PDB 'vc100.pdb' was not found with 'libcef_dll_wrapper.lib(content_filter_cpptoc.obj)' or at 'D:\mobileFX\Projects\Software\Coconut\IDE\Studio\vc100.pdb'; linking object as if no debug info
         WebKitX.vcxproj -> D:\mobileFX\Projects\Software\Coconut\IDE\WebKitX\\..\Studio\WebKitX.ocx
       Manifest:
         C:\Program Files (x86)\Microsoft SDKs\Windows\v7.0A\bin\mt.exe /nologo /verbose /outputresource:"D:\mobileFX\Projects\Software\Coconut\IDE\WebKitX\\..\Studio\WebKitX.ocx;#2" /manifest Release\WebKitX.ocx.intermediate.manifest "C:\Program Files (x86)\Microsoft Visual Studio 10.0\VC\Include\Manifest\dpiaware.manifest"
       RegisterOutput:
         regsvr32 /s "D:\mobileFX\Projects\Software\Coconut\IDE\WebKitX\\..\Studio\WebKitX.ocx"
       FinalizeBuildStatus:
         Deleting file "Release\WebKitX.unsuccessfulbuild".
         Touching "Release\WebKitX.lastbuildstate".
     1>Done Building Project "D:\mobileFX\Projects\Software\Coconut\IDE\WebKitX\WebKitX.vcxproj" (build target(s)).

Build succeeded.

Time Elapsed 00:00:03.80
