Build started 10/12/2014 14:22:43.
     1>Project "D:\mobileFX\Projects\Software\Coconut\IDE\WebKitX\CEF3Process\CEF3Process.vcxproj" on node 2 (build target(s)).
     1>InitializeBuildStatus:
         Creating "Release\CEF3Process.unsuccessfulbuild" because "AlwaysCreate" was specified.
       ClCompile:
         C:\Program Files (x86)\Microsoft Visual Studio 10.0\VC\bin\CL.exe /c /Zi /nologo /W3 /WX- /O2 /Oi /Oy- /GL /D WIN32 /D NDEBUG /D _WINDOWS /D _UNICODE /D UNICODE /Gm- /EHsc /MD /GS /Gy /fp:precise /Zc:wchar_t /Zc:forScope /Fo"Release\\" /Fd"Release\vc100.pdb" /Gd /TP /analyze- /errorReport:prompt CEF3Process.cpp
         CEF3Process.cpp
       Link:
         C:\Program Files (x86)\Microsoft Visual Studio 10.0\VC\bin\link.exe /ERRORREPORT:PROMPT /OUT:"D:\mobileFX\Projects\Software\Coconut\IDE\WebKitX\\CEF\CEF3\DLLs\CEF3Process.exe" /INCREMENTAL:NO /NOLOGO kernel32.lib user32.lib gdi32.lib winspool.lib comdlg32.lib advapi32.lib shell32.lib ole32.lib oleaut32.lib uuid.lib odbc32.lib odbccp32.lib /MANIFEST /ManifestFile:"Release\CEF3Process.exe.intermediate.manifest" /MANIFESTUAC:"level='asInvoker' uiAccess='false'" /DEBUG /PDB:"D:\mobileFX\Projects\Software\Coconut\IDE\WebKitX\CEF\CEF3\DLLs\CEF3Process.pdb" /SUBSYSTEM:WINDOWS /OPT:REF /OPT:ICF /LTCG /TLBID:1 /DYNAMICBASE /NXCOMPAT /IMPLIB:"D:\mobileFX\Projects\Software\Coconut\IDE\WebKitX\\CEF\CEF3\DLLs\CEF3Process.lib" /MACHINE:X86 Release\CEF3Process.obj
         Generating code
         Finished generating code
         CEF3Process.vcxproj -> D:\mobileFX\Projects\Software\Coconut\IDE\WebKitX\\CEF\CEF3\DLLs\CEF3Process.exe
       Manifest:
         C:\Program Files (x86)\Microsoft SDKs\Windows\v7.0A\bin\mt.exe /nologo /verbose /outputresource:"D:\mobileFX\Projects\Software\Coconut\IDE\WebKitX\\CEF\CEF3\DLLs\CEF3Process.exe;#1" /manifest Release\CEF3Process.exe.intermediate.manifest
       FinalizeBuildStatus:
         Deleting file "Release\CEF3Process.unsuccessfulbuild".
         Touching "Release\CEF3Process.lastbuildstate".
     1>Done Building Project "D:\mobileFX\Projects\Software\Coconut\IDE\WebKitX\CEF3Process\CEF3Process.vcxproj" (build target(s)).

Build succeeded.

Time Elapsed 00:00:01.88
