D:\mobileFX\Projects\Software\Coconut\IDE\WebKitX\\CEF\CEF1\DLLs\WebKitX.ocx
D:\mobileFX\Projects\Software\Coconut\IDE\WebKitX\\CEF\CEF1\DLLs\WebKitX.pdb
D:\mobileFX\Projects\Software\Coconut\IDE\WebKitX\CEF\CEF1\DLLs\WebKitX.exp
D:\mobileFX\Projects\Software\Coconut\IDE\WebKitX\CEF\CEF1\DLLs\WebKitX.lib
D:\MOBILEFX\PROJECTS\SOFTWARE\COCONUT\IDE\WEBKITX\CEF\CEF1\DLLS\WEBKITX.OCX
D:\MOBILEFX\PROJECTS\SOFTWARE\COCONUT\IDE\WEBKITX\CEF\CEF1\DLLS\WEBKITX.PDB
D:\mobileFX\Projects\Software\Coconut\IDE\WebKitX\Release (CEF1)\cl.command.1.tlog
D:\mobileFX\Projects\Software\Coconut\IDE\WebKitX\Release (CEF1)\CL.read.1.tlog
D:\mobileFX\Projects\Software\Coconut\IDE\WebKitX\Release (CEF1)\CL.write.1.tlog
D:\mobileFX\Projects\Software\Coconut\IDE\WebKitX\Release (CEF1)\link.command.1.tlog
D:\mobileFX\Projects\Software\Coconut\IDE\WebKitX\Release (CEF1)\link.read.1.tlog
D:\mobileFX\Projects\Software\Coconut\IDE\WebKitX\Release (CEF1)\link.write.1.tlog
D:\mobileFX\Projects\Software\Coconut\IDE\WebKitX\Release (CEF1)\link-cvtres.read.1.tlog
D:\mobileFX\Projects\Software\Coconut\IDE\WebKitX\Release (CEF1)\link-cvtres.write.1.tlog
D:\mobileFX\Projects\Software\Coconut\IDE\WebKitX\Release (CEF1)\midl.command.1.tlog
D:\mobileFX\Projects\Software\Coconut\IDE\WebKitX\Release (CEF1)\midl.read.1.tlog
D:\mobileFX\Projects\Software\Coconut\IDE\WebKitX\Release (CEF1)\midl.write.1.tlog
D:\mobileFX\Projects\Software\Coconut\IDE\WebKitX\Release (CEF1)\midl-midlc.read.1.tlog
D:\mobileFX\Projects\Software\Coconut\IDE\WebKitX\Release (CEF1)\midl-midlc.write.1.tlog
D:\mobileFX\Projects\Software\Coconut\IDE\WebKitX\Release (CEF1)\midl-midlc-cl.read.1.tlog
D:\mobileFX\Projects\Software\Coconut\IDE\WebKitX\Release (CEF1)\mt.command.1.tlog
D:\mobileFX\Projects\Software\Coconut\IDE\WebKitX\Release (CEF1)\mt.read.1.tlog
D:\mobileFX\Projects\Software\Coconut\IDE\WebKitX\Release (CEF1)\mt.write.1.tlog
D:\mobileFX\Projects\Software\Coconut\IDE\WebKitX\Release (CEF1)\rc.command.1.tlog
D:\mobileFX\Projects\Software\Coconut\IDE\WebKitX\Release (CEF1)\rc.read.1.tlog
D:\mobileFX\Projects\Software\Coconut\IDE\WebKitX\Release (CEF1)\rc.write.1.tlog
D:\MOBILEFX\PROJECTS\SOFTWARE\COCONUT\IDE\WEBKITX\RELEASE (CEF1)\STDAFX.OBJ
D:\MOBILEFX\PROJECTS\SOFTWARE\COCONUT\IDE\WEBKITX\RELEASE (CEF1)\VC100.PDB
D:\MOBILEFX\PROJECTS\SOFTWARE\COCONUT\IDE\WEBKITX\RELEASE (CEF1)\WEBKITHANDLER.OBJ
D:\MOBILEFX\PROJECTS\SOFTWARE\COCONUT\IDE\WEBKITX\RELEASE (CEF1)\WEBKITX.OBJ
D:\MOBILEFX\PROJECTS\SOFTWARE\COCONUT\IDE\WEBKITX\RELEASE (CEF1)\WEBKITX.OCX.INTERMEDIATE.MANIFEST
D:\MOBILEFX\PROJECTS\SOFTWARE\COCONUT\IDE\WEBKITX\RELEASE (CEF1)\WEBKITX.PCH
D:\MOBILEFX\PROJECTS\SOFTWARE\COCONUT\IDE\WEBKITX\RELEASE (CEF1)\WEBKITX.RES
D:\MOBILEFX\PROJECTS\SOFTWARE\COCONUT\IDE\WEBKITX\RELEASE (CEF1)\WEBKITX.TLB
D:\mobileFX\Projects\Software\Coconut\IDE\WebKitX\Release (CEF1)\WebKitX.write.1.tlog
D:\MOBILEFX\PROJECTS\SOFTWARE\COCONUT\IDE\WEBKITX\RELEASE (CEF1)\WEBKITXCTRL.OBJ
D:\MOBILEFX\PROJECTS\SOFTWARE\COCONUT\IDE\WEBKITX\WEBKITX_I.C
D:\MOBILEFX\PROJECTS\SOFTWARE\COCONUT\IDE\WEBKITX\WEBKITX_I.H
